<?xml version="1.0" encoding="UTF-8"?>
<!-- Generated by org.testng.reporters.JUnitXMLReporter -->
<testsuite ignored="1" hostname="DESKTOP-IVTN6H0" failures="2" tests="23" name="Test" time="27.617" errors="0" timestamp="2023-04-30T00:57:19 IST">
  <testcase classname="com.adminarea.testcase.LoginPageTestCases" name="openBrow" time="5.091"/>
  <testcase classname="com.adminarea.testcase.LoginPageTestCases" name="user_open_url" time="2.009"/>
  <testcase classname="com.adminarea.testcase.LoginPageTestCases" name="user_enter_email" time="0.503"/>
  <testcase classname="com.adminarea.testcase.LoginPageTestCases" name="user_enter_password" time="0.422"/>
  <testcase classname="com.adminarea.testcase.LoginPageTestCases" name="user_clickon_loginbutton" time="5.331"/>
  <testcase classname="com.adminarea.testcase.LoginPageTestCases" name="user_validate_dashboardpage" time="0.055"/>
  <testcase classname="com.adminarea.testcase.AddNewCustomerTestCases" name="ClickCustomerMenu" time="2.125"/>
  <testcase classname="com.adminarea.testcase.AddNewCustomerTestCases" name="ClickOnCustomerMenuItem" time="2.08"/>
  <testcase classname="com.adminarea.testcase.AddNewCustomerTestCases" name="UserClickOn_AddNewButton" time="2.383"/>
  <testcase classname="com.adminarea.testcase.AddNewCustomerTestCases" name="validate_user_can_view_add_new_customer_page" time="0.04"/>
  <testcase classname="com.adminarea.testcase.AddNewCustomerTestCases" name="User_EnterEmail" time="0.286"/>
  <testcase classname="com.adminarea.testcase.AddNewCustomerTestCases" name="User_EnterPassword" time="0.72"/>
  <testcase classname="com.adminarea.testcase.AddNewCustomerTestCases" name="User_EnterFirstName" time="0.324"/>
  <testcase classname="com.adminarea.testcase.AddNewCustomerTestCases" name="User_EnterLastName" time="0.347"/>
  <testcase classname="com.adminarea.testcase.AddNewCustomerTestCases" name="Select_Gender" time="0.317"/>
  <testcase classname="com.adminarea.testcase.AddNewCustomerTestCases" name="User_EnterDOB" time="0.428"/>
  <testcase classname="com.adminarea.testcase.AddNewCustomerTestCases" name="User_Enter_CompanyName" time="0.472"/>
  <testcase classname="com.adminarea.testcase.AddNewCustomerTestCases" name="UserSelect_CustomerRole" time="0.262">
    <failure type="org.openqa.selenium.ElementNotInteractableException" message="element not interactable
  (Session info: chrome=112.0.5615.138)
Build info: version: &amp;apos;3.12.0&amp;apos;, revision: &amp;apos;7c6e0b3&amp;apos;, time: &amp;apos;2018-05-08T14:04:26.12Z&amp;apos;
System info: host: &amp;apos;DESKTOP-IVTN6H0&amp;apos;, ip: &amp;apos;192.168.1.11&amp;apos;, os.name: &amp;apos;Windows 11&amp;apos;, os.arch: &amp;apos;amd64&amp;apos;, os.version: &amp;apos;10.0&amp;apos;, java.version: &amp;apos;17.0.4.1&amp;apos;
Driver info: org.openqa.selenium.chrome.ChromeDriver
Capabilities {acceptInsecureCerts: false, browserName: chrome, browserVersion: 112.0.5615.138, chrome: {chromedriverVersion: 112.0.5615.49 (bd2a7bcb881c..., userDataDir: C:\Users\HP\AppData\Local\T...}, goog:chromeOptions: {debuggerAddress: localhost:58442}, javascriptEnabled: true, networkConnectionEnabled: false, pageLoadStrategy: normal, platform: WINDOWS, platformName: WINDOWS, proxy: Proxy(), setWindowRect: true, strictFileInteractability: false, timeouts: {implicit: 0, pageLoad: 300000, script: 30000}, unhandledPromptBehavior: dismiss and notify, webauthn:extension:credBlob: true, webauthn:extension:largeBlob: true, webauthn:extension:minPinLength: true, webauthn:extension:prf: true, webauthn:virtualAuthenticators: true}
Session ID: 37308c5ef3dfcc992af3abff330ba7c8">
      <![CDATA[org.openqa.selenium.ElementNotInteractableException: element not interactable
  (Session info: chrome=112.0.5615.138)
Build info: version: '3.12.0', revision: '7c6e0b3', time: '2018-05-08T14:04:26.12Z'
System info: host: 'DESKTOP-IVTN6H0', ip: '192.168.1.11', os.name: 'Windows 11', os.arch: 'amd64', os.version: '10.0', java.version: '17.0.4.1'
Driver info: org.openqa.selenium.chrome.ChromeDriver
Capabilities {acceptInsecureCerts: false, browserName: chrome, browserVersion: 112.0.5615.138, chrome: {chromedriverVersion: 112.0.5615.49 (bd2a7bcb881c..., userDataDir: C:\Users\HP\AppData\Local\T...}, goog:chromeOptions: {debuggerAddress: localhost:58442}, javascriptEnabled: true, networkConnectionEnabled: false, pageLoadStrategy: normal, platform: WINDOWS, platformName: WINDOWS, proxy: Proxy(), setWindowRect: true, strictFileInteractability: false, timeouts: {implicit: 0, pageLoad: 300000, script: 30000}, unhandledPromptBehavior: dismiss and notify, webauthn:extension:credBlob: true, webauthn:extension:largeBlob: true, webauthn:extension:minPinLength: true, webauthn:extension:prf: true, webauthn:virtualAuthenticators: true}
Session ID: 37308c5ef3dfcc992af3abff330ba7c8
at org.openqa.selenium.remote.http.W3CHttpResponseCodec.createException(W3CHttpResponseCodec.java:187)
at org.openqa.selenium.remote.http.W3CHttpResponseCodec.decode(W3CHttpResponseCodec.java:122)
at org.openqa.selenium.remote.http.W3CHttpResponseCodec.decode(W3CHttpResponseCodec.java:49)
at org.openqa.selenium.remote.HttpCommandExecutor.execute(HttpCommandExecutor.java:158)
at org.openqa.selenium.remote.service.DriverCommandExecutor.execute(DriverCommandExecutor.java:83)
at org.openqa.selenium.remote.RemoteWebDriver.execute(RemoteWebDriver.java:543)
at org.openqa.selenium.remote.RemoteWebElement.execute(RemoteWebElement.java:276)
at org.openqa.selenium.remote.RemoteWebElement.sendKeys(RemoteWebElement.java:100)
at org.openqa.selenium.support.pagefactory.internal.LocatingElementHandler.invoke(LocatingElementHandler.java:51)
at jdk.proxy2/jdk.proxy2.$Proxy14.sendKeys(Unknown Source)
at javabase.JavaBase.sendkeys(JavaBase.java:164)
at com.adminarea.pages.AddNewCustomerPage.Select_CustomerRole(AddNewCustomerPage.java:146)
at com.adminarea.testcase.AddNewCustomerTestCases.UserSelect_CustomerRole(AddNewCustomerTestCases.java:114)
at java.base/java.util.ArrayList.forEach(ArrayList.java:1511)
... Removed 36 stack frames]]>
    </failure>
  </testcase> <!-- UserSelect_CustomerRole -->
  <testcase classname="com.adminarea.testcase.AddNewCustomerTestCases" name="UserScroll_Page" time="0.029"/>
  <testcase classname="com.adminarea.testcase.AddNewCustomerTestCases" name="UserEnter_AdminComment" time="0.298"/>
  <testcase classname="com.adminarea.testcase.AddNewCustomerTestCases" name="UserClick_OnSaveButton" time="2.179"/>
  <testcase classname="com.adminarea.testcase.AddNewCustomerTestCases" name="user_can_view_confirmation_message" time="0.0">
    <failure type="org.testng.TestNGException" message="
Cannot inject @Test annotated Method [user_can_view_confirmation_message] with [class java.lang.String].
For more information on native dependency injection please refer to https://testng.org/doc/documentation-main.html#native-dependency-injection">
      <![CDATA[org.testng.TestNGException: 
Cannot inject @Test annotated Method [user_can_view_confirmation_message] with [class java.lang.String].
For more information on native dependency injection please refer to https://testng.org/doc/documentation-main.html#native-dependency-injection
at java.base/java.util.ArrayList.forEach(ArrayList.java:1511)
... Removed 26 stack frames]]>
    </failure>
  </testcase> <!-- user_can_view_confirmation_message -->
  <testcase classname="com.adminarea.testcase.AddNewCustomerTestCases" name="DataBase_ConnectionSetup" time="0.351"/>
  <testcase classname="javabase.JavaBase" name="@AfterSuite setUpFlushed" time="0.0">
    <ignored/>
  </testcase> <!-- @AfterSuite setUpFlushed -->
</testsuite> <!-- Test -->
