<?xml version="1.0" encoding="UTF-8"?>
<!-- Generated by org.testng.reporters.JUnitReportReporter -->
<testsuite hostname="BAIPL-PC-HR2" failures="0" tests="2" name="WithoutPageObjectModelDataDrivenTesting.ContactUsTestCases" time="1.758" errors="1" timestamp="26 Jul 2022 14:50:07 GMT">
  <testcase classname="WithoutPageObjectModelDataDrivenTesting.ContactUsTestCases" name="login" time="1.111">
    <error message="
The data provider is trying to pass 4 parameters but the method WithoutPageObjectModelDataDrivenTesting.ContactUsTestCases#login takes 2" type="org.testng.TestNGException">
      <![CDATA[org.testng.TestNGException: 
The data provider is trying to pass 4 parameters but the method WithoutPageObjectModelDataDrivenTesting.ContactUsTestCases#login takes 2
	at org.testng.internal.Invoker.injectParameters(Invoker.java:1229)
	at org.testng.internal.Invoker.invokeTestMethods(Invoker.java:1122)
	at org.testng.internal.TestMethodWorker.invokeTestMethods(TestMethodWorker.java:129)
	at org.testng.internal.TestMethodWorker.run(TestMethodWorker.java:112)
	at org.testng.TestRunner.privateRun(TestRunner.java:782)
	at org.testng.TestRunner.run(TestRunner.java:632)
	at org.testng.SuiteRunner.runTest(SuiteRunner.java:366)
	at org.testng.SuiteRunner.runSequentially(SuiteRunner.java:361)
	at org.testng.SuiteRunner.privateRun(SuiteRunner.java:319)
	at org.testng.SuiteRunner.run(SuiteRunner.java:268)
	at org.testng.SuiteRunnerWorker.runSuite(SuiteRunnerWorker.java:52)
	at org.testng.SuiteRunnerWorker.run(SuiteRunnerWorker.java:86)
	at org.testng.TestNG.runSuitesSequentially(TestNG.java:1244)
	at org.testng.TestNG.runSuitesLocally(TestNG.java:1169)
	at org.testng.TestNG.run(TestNG.java:1064)
	at org.testng.remote.AbstractRemoteTestNG.run(AbstractRemoteTestNG.java:115)
	at org.testng.remote.RemoteTestNG.initAndRun(RemoteTestNG.java:251)
	at org.testng.remote.RemoteTestNG.main(RemoteTestNG.java:77)
]]>
    </error>
  </testcase> <!-- login -->
  <testcase classname="WithoutPageObjectModelDataDrivenTesting.ContactUsTestCases" name="startApplication" time="0.647"/>
</testsuite> <!-- WithoutPageObjectModelDataDrivenTesting.ContactUsTestCases -->
